<?xml version="1.0" encoding="UTF-8"?>
<!-- Generated by org.testng.reporters.JUnitXMLReporter -->
<testsuite ignored="0" hostname="sanjoli-ThinkPad-L14-Gen-1" failures="0" tests="6" name="Default test" time="4.426" errors="0" timestamp="05 Jun 2022 21:24:53 GMT">
  <testcase classname="Apitesting.sampleproject.TestCases" name="testFetchUser" time="0.64"/>
  <testcase classname="Apitesting.sampleproject.TestCases" name="testGetList" time="0.688"/>
  <testcase classname="Apitesting.sampleproject.TestCases" name="testGetResourceNotFound" time="0.142"/>
  <testcase classname="Apitesting.sampleproject.TestCases" name="testGetUserPage" time="0.148"/>
  <testcase classname="Apitesting.sampleproject.TestCases" name="testLoginUnsuccessful" time="1.39"/>
  <testcase classname="Apitesting.sampleproject.TestCases" name="testPostUsers" time="0.637"/>
</testsuite> <!-- Default test -->
